<?xml version="1.0" encoding="UTF-8"?>
<!-- Generated by org.testng.reporters.JUnitReportReporter -->
<testsuite hostname="DESKTOP-C9T77KP" name="APITesting.APITesting.TestPostMethodClass" tests="1" failures="0" timestamp="28 Jun 2024 13:58:28 GMT" time="9.327" errors="0">
  <testcase name="postMethod" time="9.327" classname="APITesting.APITesting.TestPostMethodClass"/>
</testsuite> <!-- APITesting.APITesting.TestPostMethodClass -->
