<?xml version="1.0" encoding="UTF-8"?>
<!-- Generated by org.testng.reporters.JUnitReportReporter -->
<testsuite hostname="DESKTOP-C9T77KP" name="APITesting.APITesting.PostGetMethodsTest" tests="1" failures="0" timestamp="28 Jun 2024 13:50:08 GMT" time="4.415" errors="0">
  <testcase name="postThenGetId" time="4.415" classname="APITesting.APITesting.PostGetMethodsTest"/>
</testsuite> <!-- APITesting.APITesting.PostGetMethodsTest -->
